<?xml version="1.0" encoding="UTF-8"?>
<testng-results ignored="0" total="1" passed="1" failed="0" skipped="0">
  <reporter-output>
  </reporter-output>
  <suite started-at="2022-04-15T15:01:16 EDT" name="Default suite" finished-at="2022-04-15T15:01:17 EDT" duration-ms="1002">
    <groups>
    </groups>
    <test started-at="2022-04-15T15:01:16 EDT" name="Default test" finished-at="2022-04-15T15:01:17 EDT" duration-ms="1002">
      <class name="Excel.April15Excelhome.FirstTest">
        <test-method signature="home()[pri:0, instance:Excel.April15Excelhome.FirstTest@384ad17b]" started-at="2022-04-15T15:01:16 EDT" name="home" finished-at="2022-04-15T15:01:17 EDT" duration-ms="958" status="PASS">
          <reporter-output>
          </reporter-output>
        </test-method> <!-- home -->
      </class> <!-- Excel.April15Excelhome.FirstTest -->
    </test> <!-- Default test -->
  </suite> <!-- Default suite -->
</testng-results>
